<?xml version="1.0" encoding="UTF-8"?>
<!-- Generated by org.testng.reporters.JUnitReportReporter -->
<testsuite hostname="DESKTOP-U4GLDR7" failures="0" tests="3" name="practice.CreateOrggTest" time="0.078" errors="0" timestamp="2022-02-01T14:49:41 IST" skipped="0">
  <testcase classname="practice.CreateOrggTest" name="createOrgWithContact" time="0.010"/>
  <system-out/>
  <testcase classname="practice.CreateOrggTest" name="createOrgTest" time="0.049"/>
  <system-out/>
  <testcase classname="practice.CreateOrggTest" name="createOrgWithIndustry" time="0.019"/>
  <system-out/>
</testsuite> <!-- practice.CreateOrggTest -->
