<?xml version="1.0" encoding="UTF-8"?>
<!-- Generated by org.testng.reporters.JUnitReportReporter -->
<testsuite hostname="DESKTOP-U4GLDR7" failures="0" tests="3" name="practice.CreateOrgTest" time="0.118" errors="0" timestamp="2022-02-01T14:44:24 IST" skipped="0">
  <testcase classname="practice.CreateOrgTest" name="createOrgTest" time="0.069"/>
  <system-out/>
  <testcase classname="practice.CreateOrgTest" name="createOrgWithContact" time="0.028"/>
  <system-out/>
  <testcase classname="practice.CreateOrgTest" name="createOrgWithIndustry" time="0.021"/>
  <system-out/>
</testsuite> <!-- practice.CreateOrgTest -->
