<?xml version="1.0" encoding="UTF-8"?>
<!-- Generated by org.testng.reporters.JUnitReportReporter -->
<testsuite hostname="DESKTOP-U4GLDR7" failures="0" tests="1" name="practice.CreateOrganizationTest" time="75.129" errors="0" timestamp="2022-01-26T17:12:38 IST" skipped="0">
  <testcase classname="practice.CreateOrganizationTest" name="createOrgTest" time="75.129"/>
  <system-out/>
</testsuite> <!-- practice.CreateOrganizationTest -->
