<?xml version="1.0" encoding="UTF-8"?>
<!-- Generated by org.testng.reporters.JUnitReportReporter -->
<testsuite hostname="DESKTOP-U4GLDR7" failures="0" tests="3" name="practice.PriorityTest" time="0.019" errors="0" timestamp="2022-01-26T17:12:37 IST" skipped="0">
  <testcase classname="practice.PriorityTest" name="createCustomerTest" time="0.009"/>
  <system-out/>
  <testcase classname="practice.PriorityTest" name="modifyCustomerTest" time="0.005"/>
  <system-out/>
  <testcase classname="practice.PriorityTest" name="deleteCustomerTest" time="0.005"/>
  <system-out/>
</testsuite> <!-- practice.PriorityTest -->
