<?xml version="1.0" encoding="UTF-8"?>
<!-- Generated by org.testng.reporters.JUnitReportReporter -->
<testsuite hostname="DESKTOP-U4GLDR7" failures="0" tests="3" name="practice.CustomerTest" time="0.084" errors="0" timestamp="2022-02-01T15:10:55 IST" skipped="0">
  <testcase classname="practice.CustomerTest" name="modifyCustomerTest" time="0.022"/>
  <system-out/>
  <testcase classname="practice.CustomerTest" name="createCustomerTest" time="0.044"/>
  <system-out/>
  <testcase classname="practice.CustomerTest" name="deleteCustomerTest" time="0.018"/>
  <system-out/>
</testsuite> <!-- practice.CustomerTest -->
