<?xml version="1.0" encoding="UTF-8"?>
<!-- Generated by org.testng.reporters.JUnitReportReporter -->
<testsuite hostname="DESKTOP-U4GLDR7" failures="0" tests="4" name="practice.BankTest" time="0.065" errors="0" timestamp="2022-01-26T17:12:37 IST" skipped="0">
  <testcase classname="practice.BankTest" name="sendAmount" time="0.029"/>
  <system-out/>
  <testcase classname="practice.BankTest" name="sendAmount" time="0.010"/>
  <system-out/>
  <testcase classname="practice.BankTest" name="sendAmount" time="0.012"/>
  <system-out/>
  <testcase classname="practice.BankTest" name="sendAmount" time="0.014"/>
  <system-out/>
</testsuite> <!-- practice.BankTest -->
